Removed Pin From Net: NetName=GND_B Pin=C19_WheelMot?1-1
Removed Pin From Net: NetName=BAT Pin=C19_WheelMot?1-2
Removed Pin From Net: NetName=GND_B Pin=C19_WheelMot?2-1
Removed Pin From Net: NetName=BAT Pin=C19_WheelMot?2-2
Removed Pin From Net: NetName=GND_B Pin=C19_WheelMot?3-1
Removed Pin From Net: NetName=BAT Pin=C19_WheelMot?3-2
Removed Pin From Net: NetName=GND_B Pin=C20_WheelMot?1-1
Removed Pin From Net: NetName=3V3_B Pin=C20_WheelMot?1-2
Removed Pin From Net: NetName=GND_B Pin=C20_WheelMot?2-1
Removed Pin From Net: NetName=3V3_B Pin=C20_WheelMot?2-2
Removed Pin From Net: NetName=GND_B Pin=C20_WheelMot?3-1
Removed Pin From Net: NetName=3V3_B Pin=C20_WheelMot?3-2
Removed Pin From Net: NetName=BAT Pin=U4_WheelMot?1-1
Removed Pin From Net: NetName=GND_B Pin=U4_WheelMot?1-2
Removed Pin From Net: NetName=BAT Pin=U4_WheelMot?1-3
Removed Pin From Net: NetName=3V3_B Pin=U4_WheelMot?1-5
Removed Pin From Net: NetName=BAT Pin=U4_WheelMot?2-1
Removed Pin From Net: NetName=GND_B Pin=U4_WheelMot?2-2
Removed Pin From Net: NetName=BAT Pin=U4_WheelMot?2-3
Removed Pin From Net: NetName=3V3_B Pin=U4_WheelMot?2-5
Removed Pin From Net: NetName=BAT Pin=U4_WheelMot?3-1
Removed Pin From Net: NetName=GND_B Pin=U4_WheelMot?3-2
Removed Pin From Net: NetName=BAT Pin=U4_WheelMot?3-3
Removed Pin From Net: NetName=3V3_B Pin=U4_WheelMot?3-5
Removed Member From Class: ClassName=WheelMot?1 Member=C19_WheelMot?1
Removed Member From Class: ClassName=WheelMot?2 Member=C19_WheelMot?2
Removed Member From Class: ClassName=WheelMot?3 Member=C19_WheelMot?3
Removed Member From Class: ClassName=WheelMot?1 Member=C20_WheelMot?1
Removed Member From Class: ClassName=WheelMot?2 Member=C20_WheelMot?2
Removed Member From Class: ClassName=WheelMot?3 Member=C20_WheelMot?3
Removed Member From Class: ClassName=WheelMot?1 Member=U4_WheelMot?1
Removed Member From Class: ClassName=WheelMot?2 Member=U4_WheelMot?2
Removed Member From Class: ClassName=WheelMot?3 Member=U4_WheelMot?3
Added Component: Designator=C?_WheelMot?1(C0603)
Add component. Clean all parameters for all variants
Add component (AddParameter): Name = "Capacitance"; Value = "100nF"; VariantName = "[No Variations]"
Add component (AddParameter): Name = "Characteristic"; Value = ""; VariantName = "[No Variations]"
Add component (AddParameter): Name = "ComponentLinknDescription"; Value = "Datasheet"; VariantName = "[No Variations]"
Add component (AddParameter): Name = "ComponentLinknURL"; Value = ""; VariantName = "[No Variations]"
Add component (AddParameter): Name = "Manufacturer"; Value = ""; VariantName = "[No Variations]"
Add component (AddParameter): Name = "Note"; Value = "CurrentFootprint"; VariantName = "[No Variations]"
Add component (AddParameter): Name = "Type"; Value = "MLCC"; VariantName = "[No Variations]"
Add component (AddParameter): Name = "Voltage rating"; Value = "*V"; VariantName = "[No Variations]"
Added Component: Designator=C?_WheelMot?1(C0603)
Add component. Clean all parameters for all variants
Add component (AddParameter): Name = "Capacitance"; Value = "100nF"; VariantName = "[No Variations]"
Add component (AddParameter): Name = "Characteristic"; Value = ""; VariantName = "[No Variations]"
Add component (AddParameter): Name = "ComponentLinknDescription"; Value = "Datasheet"; VariantName = "[No Variations]"
Add component (AddParameter): Name = "ComponentLinknURL"; Value = ""; VariantName = "[No Variations]"
Add component (AddParameter): Name = "Manufacturer"; Value = ""; VariantName = "[No Variations]"
Add component (AddParameter): Name = "Note"; Value = "CurrentFootprint"; VariantName = "[No Variations]"
Add component (AddParameter): Name = "Type"; Value = "MLCC"; VariantName = "[No Variations]"
Add component (AddParameter): Name = "Voltage rating"; Value = "*V"; VariantName = "[No Variations]"
Added Component: Designator=C?_WheelMot?2(C0603)
Add component. Clean all parameters for all variants
Add component (AddParameter): Name = "Capacitance"; Value = "100nF"; VariantName = "[No Variations]"
Add component (AddParameter): Name = "Characteristic"; Value = ""; VariantName = "[No Variations]"
Add component (AddParameter): Name = "ComponentLinknDescription"; Value = "Datasheet"; VariantName = "[No Variations]"
Add component (AddParameter): Name = "ComponentLinknURL"; Value = ""; VariantName = "[No Variations]"
Add component (AddParameter): Name = "Manufacturer"; Value = ""; VariantName = "[No Variations]"
Add component (AddParameter): Name = "Note"; Value = "CurrentFootprint"; VariantName = "[No Variations]"
Add component (AddParameter): Name = "Type"; Value = "MLCC"; VariantName = "[No Variations]"
Add component (AddParameter): Name = "Voltage rating"; Value = "*V"; VariantName = "[No Variations]"
Added Component: Designator=C?_WheelMot?2(C0603)
Add component. Clean all parameters for all variants
Add component (AddParameter): Name = "Capacitance"; Value = "100nF"; VariantName = "[No Variations]"
Add component (AddParameter): Name = "Characteristic"; Value = ""; VariantName = "[No Variations]"
Add component (AddParameter): Name = "ComponentLinknDescription"; Value = "Datasheet"; VariantName = "[No Variations]"
Add component (AddParameter): Name = "ComponentLinknURL"; Value = ""; VariantName = "[No Variations]"
Add component (AddParameter): Name = "Manufacturer"; Value = ""; VariantName = "[No Variations]"
Add component (AddParameter): Name = "Note"; Value = "CurrentFootprint"; VariantName = "[No Variations]"
Add component (AddParameter): Name = "Type"; Value = "MLCC"; VariantName = "[No Variations]"
Add component (AddParameter): Name = "Voltage rating"; Value = "*V"; VariantName = "[No Variations]"
Added Component: Designator=C?_WheelMot?3(C0603)
Add component. Clean all parameters for all variants
Add component (AddParameter): Name = "Capacitance"; Value = "100nF"; VariantName = "[No Variations]"
Add component (AddParameter): Name = "Characteristic"; Value = ""; VariantName = "[No Variations]"
Add component (AddParameter): Name = "ComponentLinknDescription"; Value = "Datasheet"; VariantName = "[No Variations]"
Add component (AddParameter): Name = "ComponentLinknURL"; Value = ""; VariantName = "[No Variations]"
Add component (AddParameter): Name = "Manufacturer"; Value = ""; VariantName = "[No Variations]"
Add component (AddParameter): Name = "Note"; Value = "CurrentFootprint"; VariantName = "[No Variations]"
Add component (AddParameter): Name = "Type"; Value = "MLCC"; VariantName = "[No Variations]"
Add component (AddParameter): Name = "Voltage rating"; Value = "*V"; VariantName = "[No Variations]"
Added Component: Designator=C?_WheelMot?3(C0603)
Add component. Clean all parameters for all variants
Add component (AddParameter): Name = "Capacitance"; Value = "100nF"; VariantName = "[No Variations]"
Add component (AddParameter): Name = "Characteristic"; Value = ""; VariantName = "[No Variations]"
Add component (AddParameter): Name = "ComponentLinknDescription"; Value = "Datasheet"; VariantName = "[No Variations]"
Add component (AddParameter): Name = "ComponentLinknURL"; Value = ""; VariantName = "[No Variations]"
Add component (AddParameter): Name = "Manufacturer"; Value = ""; VariantName = "[No Variations]"
Add component (AddParameter): Name = "Note"; Value = "CurrentFootprint"; VariantName = "[No Variations]"
Add component (AddParameter): Name = "Type"; Value = "MLCC"; VariantName = "[No Variations]"
Add component (AddParameter): Name = "Voltage rating"; Value = "*V"; VariantName = "[No Variations]"
Added Component: Designator=Q100_WheelMot?1(SOIC127P600X175-8N)
Add component. Clean all parameters for all variants
Add component (AddParameter): Name = "Datasheet"; Value = ""; VariantName = "[No Variations]"
Add component (AddParameter): Name = "Drain Current"; Value = ""; VariantName = "[No Variations]"
Add component (AddParameter): Name = "DS Breakdown Volt"; Value = ""; VariantName = "[No Variations]"
Add component (AddParameter): Name = "Farnell Order Nr"; Value = ""; VariantName = "[No Variations]"
Add component (AddParameter): Name = "GS breakdown Volt"; Value = ""; VariantName = "[No Variations]"
Add component (AddParameter): Name = "Parameter 2"; Value = ""; VariantName = "[No Variations]"
Add component (AddParameter): Name = "Parameter 3"; Value = ""; VariantName = "[No Variations]"
Add component (AddParameter): Name = "PartNumber"; Value = ""; VariantName = "[No Variations]"
Add component (AddParameter): Name = "rDSon"; Value = ""; VariantName = "[No Variations]"
Added Component: Designator=Q100_WheelMot?2(SOIC127P600X175-8N)
Add component. Clean all parameters for all variants
Add component (AddParameter): Name = "Datasheet"; Value = ""; VariantName = "[No Variations]"
Add component (AddParameter): Name = "Drain Current"; Value = ""; VariantName = "[No Variations]"
Add component (AddParameter): Name = "DS Breakdown Volt"; Value = ""; VariantName = "[No Variations]"
Add component (AddParameter): Name = "Farnell Order Nr"; Value = ""; VariantName = "[No Variations]"
Add component (AddParameter): Name = "GS breakdown Volt"; Value = ""; VariantName = "[No Variations]"
Add component (AddParameter): Name = "Parameter 2"; Value = ""; VariantName = "[No Variations]"
Add component (AddParameter): Name = "Parameter 3"; Value = ""; VariantName = "[No Variations]"
Add component (AddParameter): Name = "PartNumber"; Value = ""; VariantName = "[No Variations]"
Add component (AddParameter): Name = "rDSon"; Value = ""; VariantName = "[No Variations]"
Added Component: Designator=Q100_WheelMot?3(SOIC127P600X175-8N)
Add component. Clean all parameters for all variants
Add component (AddParameter): Name = "Datasheet"; Value = ""; VariantName = "[No Variations]"
Add component (AddParameter): Name = "Drain Current"; Value = ""; VariantName = "[No Variations]"
Add component (AddParameter): Name = "DS Breakdown Volt"; Value = ""; VariantName = "[No Variations]"
Add component (AddParameter): Name = "Farnell Order Nr"; Value = ""; VariantName = "[No Variations]"
Add component (AddParameter): Name = "GS breakdown Volt"; Value = ""; VariantName = "[No Variations]"
Add component (AddParameter): Name = "Parameter 2"; Value = ""; VariantName = "[No Variations]"
Add component (AddParameter): Name = "Parameter 3"; Value = ""; VariantName = "[No Variations]"
Add component (AddParameter): Name = "PartNumber"; Value = ""; VariantName = "[No Variations]"
Add component (AddParameter): Name = "rDSon"; Value = ""; VariantName = "[No Variations]"
Added Component: Designator=U?_WheelMot?1(SOT23)
Add component. Clean all parameters for all variants
Add component (AddParameter): Name = "ComponentLink1Description"; Value = "Datasheet"; VariantName = "[No Variations]"
Add component (AddParameter): Name = "ComponentLink1URL"; Value = "https://www.ti.com/lit/ds/symlink/tlv760.pdf?HQS=TI-null-null-mousermode-df-pf-null-wwe&DCM=yes&ref_url=https%3A%2F%2Feu.mouser.com%2F&distId=26"; VariantName = "[No Variations]"
Add component (AddParameter): Name = "Datasheet Link"; Value = "http://www.ti.com/lit/ds/symlink/tlv760.pdf"; VariantName = "[No Variations]"
Add component (AddParameter): Name = "Farnell Order Nr"; Value = "3007803"; VariantName = "[No Variations]"
Add component (AddParameter): Name = "Height"; Value = "0.95mm"; VariantName = "[No Variations]"
Add component (AddParameter): Name = "Manufacturer_Name"; Value = "Texas Instruments"; VariantName = "[No Variations]"
Add component (AddParameter): Name = "Manufacturer_Part_Number"; Value = "TLV76033DBZT"; VariantName = "[No Variations]"
Add component (AddParameter): Name = "Mouser2 Part Number"; Value = ""; VariantName = "[No Variations]"
Add component (AddParameter): Name = "Mouser2 Price/Stock"; Value = ""; VariantName = "[No Variations]"
Add component (AddParameter): Name = "PartNumber"; Value = "TLV76033DBZT"; VariantName = "[No Variations]"
Added Component: Designator=U?_WheelMot?2(SOT23)
Add component. Clean all parameters for all variants
Add component (AddParameter): Name = "ComponentLink1Description"; Value = "Datasheet"; VariantName = "[No Variations]"
Add component (AddParameter): Name = "ComponentLink1URL"; Value = "https://www.ti.com/lit/ds/symlink/tlv760.pdf?HQS=TI-null-null-mousermode-df-pf-null-wwe&DCM=yes&ref_url=https%3A%2F%2Feu.mouser.com%2F&distId=26"; VariantName = "[No Variations]"
Add component (AddParameter): Name = "Datasheet Link"; Value = "http://www.ti.com/lit/ds/symlink/tlv760.pdf"; VariantName = "[No Variations]"
Add component (AddParameter): Name = "Farnell Order Nr"; Value = "3007803"; VariantName = "[No Variations]"
Add component (AddParameter): Name = "Height"; Value = "0.95mm"; VariantName = "[No Variations]"
Add component (AddParameter): Name = "Manufacturer_Name"; Value = "Texas Instruments"; VariantName = "[No Variations]"
Add component (AddParameter): Name = "Manufacturer_Part_Number"; Value = "TLV76033DBZT"; VariantName = "[No Variations]"
Add component (AddParameter): Name = "Mouser2 Part Number"; Value = ""; VariantName = "[No Variations]"
Add component (AddParameter): Name = "Mouser2 Price/Stock"; Value = ""; VariantName = "[No Variations]"
Add component (AddParameter): Name = "PartNumber"; Value = "TLV76033DBZT"; VariantName = "[No Variations]"
Added Component: Designator=U?_WheelMot?3(SOT23)
Add component. Clean all parameters for all variants
Add component (AddParameter): Name = "ComponentLink1Description"; Value = "Datasheet"; VariantName = "[No Variations]"
Add component (AddParameter): Name = "ComponentLink1URL"; Value = "https://www.ti.com/lit/ds/symlink/tlv760.pdf?HQS=TI-null-null-mousermode-df-pf-null-wwe&DCM=yes&ref_url=https%3A%2F%2Feu.mouser.com%2F&distId=26"; VariantName = "[No Variations]"
Add component (AddParameter): Name = "Datasheet Link"; Value = "http://www.ti.com/lit/ds/symlink/tlv760.pdf"; VariantName = "[No Variations]"
Add component (AddParameter): Name = "Farnell Order Nr"; Value = "3007803"; VariantName = "[No Variations]"
Add component (AddParameter): Name = "Height"; Value = "0.95mm"; VariantName = "[No Variations]"
Add component (AddParameter): Name = "Manufacturer_Name"; Value = "Texas Instruments"; VariantName = "[No Variations]"
Add component (AddParameter): Name = "Manufacturer_Part_Number"; Value = "TLV76033DBZT"; VariantName = "[No Variations]"
Add component (AddParameter): Name = "Mouser2 Part Number"; Value = ""; VariantName = "[No Variations]"
Add component (AddParameter): Name = "Mouser2 Price/Stock"; Value = ""; VariantName = "[No Variations]"
Add component (AddParameter): Name = "PartNumber"; Value = "TLV76033DBZT"; VariantName = "[No Variations]"
Added Pin To Net: NetName=GND Pin=C?_WheelMot?1-1
Added Pin To Net: NetName=GND Pin=C?_WheelMot?1-1
Added Pin To Net: NetName=3V3_B Pin=C?_WheelMot?1-2
Added Pin To Net: NetName=BAT Pin=C?_WheelMot?1-2
Added Pin To Net: NetName=GND Pin=C?_WheelMot?2-1
Added Pin To Net: NetName=GND Pin=C?_WheelMot?2-1
Added Pin To Net: NetName=3V3_B Pin=C?_WheelMot?2-2
Added Pin To Net: NetName=BAT Pin=C?_WheelMot?2-2
Added Pin To Net: NetName=GND Pin=C?_WheelMot?3-1
Added Pin To Net: NetName=GND Pin=C?_WheelMot?3-1
Added Pin To Net: NetName=3V3_B Pin=C?_WheelMot?3-2
Added Pin To Net: NetName=BAT Pin=C?_WheelMot?3-2
Added Pin To Net: NetName=3V3_B Pin=U?_WheelMot?1-1
Added Pin To Net: NetName=BAT Pin=U?_WheelMot?1-2
Added Pin To Net: NetName=GND Pin=U?_WheelMot?1-3
Added Pin To Net: NetName=3V3_B Pin=U?_WheelMot?2-1
Added Pin To Net: NetName=BAT Pin=U?_WheelMot?2-2
Added Pin To Net: NetName=GND Pin=U?_WheelMot?2-3
Added Pin To Net: NetName=3V3_B Pin=U?_WheelMot?3-1
Added Pin To Net: NetName=BAT Pin=U?_WheelMot?3-2
Added Pin To Net: NetName=GND Pin=U?_WheelMot?3-3
Added Net: Name=NetQ100_WheelMot?1_D0
Added Net: Name=NetQ100_WheelMot?2_D0
Added Net: Name=NetQ100_WheelMot?3_D0
Added Member To Class: ClassName=WheelMot?1 Member=Component C?_WheelMot?1 (C?) 100nF *V
Added Member To Class: ClassName=WheelMot?1 Member=Component C?_WheelMot?1 (C?) 100nF *V
Added Member To Class: ClassName=WheelMot?2 Member=Component C?_WheelMot?2 (C?) 100nF *V
Added Member To Class: ClassName=WheelMot?2 Member=Component C?_WheelMot?2 (C?) 100nF *V
Added Member To Class: ClassName=WheelMot?3 Member=Component C?_WheelMot?3 (C?) 100nF *V
Added Member To Class: ClassName=WheelMot?3 Member=Component C?_WheelMot?3 (C?) 100nF *V
Added Member To Class: ClassName=WheelMot?1 Member=Component Q100_WheelMot?1 (Q100) 
Added Member To Class: ClassName=WheelMot?2 Member=Component Q100_WheelMot?2 (Q100) 
Added Member To Class: ClassName=WheelMot?3 Member=Component Q100_WheelMot?3 (Q100) 
Added Member To Class: ClassName=WheelMot?1 Member=Component U?_WheelMot?1 (U?) TLV76033DBZT
Added Member To Class: ClassName=WheelMot?2 Member=Component U?_WheelMot?2 (U?) TLV76033DBZT
Added Member To Class: ClassName=WheelMot?3 Member=Component U?_WheelMot?3 (U?) TLV76033DBZT
