Added Component: Designator=C?(C0603)
Add component. Clean all parameters for all variants
Add component (AddParameter): Name = "Capacitance"; Value = "22nF"; VariantName = "[No Variations]"
Add component (AddParameter): Name = "Characteristic"; Value = ""; VariantName = "[No Variations]"
Add component (AddParameter): Name = "ComponentLinknDescription"; Value = "Datasheet"; VariantName = "[No Variations]"
Add component (AddParameter): Name = "ComponentLinknURL"; Value = ""; VariantName = "[No Variations]"
Add component (AddParameter): Name = "Manufacturer"; Value = ""; VariantName = "[No Variations]"
Add component (AddParameter): Name = "Note"; Value = "C0603"; VariantName = "[No Variations]"
Add component (AddParameter): Name = "Type"; Value = "MLCC"; VariantName = "[No Variations]"
Add component (AddParameter): Name = "Voltage rating"; Value = "*V"; VariantName = "[No Variations]"
Added Component: Designator=C?(C0603)
Add component. Clean all parameters for all variants
Add component (AddParameter): Name = "Capacitance"; Value = "100nF"; VariantName = "[No Variations]"
Add component (AddParameter): Name = "Characteristic"; Value = ""; VariantName = "[No Variations]"
Add component (AddParameter): Name = "ComponentLinknDescription"; Value = "Datasheet"; VariantName = "[No Variations]"
Add component (AddParameter): Name = "ComponentLinknURL"; Value = ""; VariantName = "[No Variations]"
Add component (AddParameter): Name = "Manufacturer"; Value = ""; VariantName = "[No Variations]"
Add component (AddParameter): Name = "Note"; Value = "C0603"; VariantName = "[No Variations]"
Add component (AddParameter): Name = "Type"; Value = "MLCC"; VariantName = "[No Variations]"
Add component (AddParameter): Name = "Voltage rating"; Value = "*V"; VariantName = "[No Variations]"
Added Component: Designator=C?(C0603)
Add component. Clean all parameters for all variants
Add component (AddParameter): Name = "Capacitance"; Value = "100nF"; VariantName = "[No Variations]"
Add component (AddParameter): Name = "Characteristic"; Value = ""; VariantName = "[No Variations]"
Add component (AddParameter): Name = "ComponentLinknDescription"; Value = "Datasheet"; VariantName = "[No Variations]"
Add component (AddParameter): Name = "ComponentLinknURL"; Value = ""; VariantName = "[No Variations]"
Add component (AddParameter): Name = "Manufacturer"; Value = ""; VariantName = "[No Variations]"
Add component (AddParameter): Name = "Note"; Value = "C0603"; VariantName = "[No Variations]"
Add component (AddParameter): Name = "Type"; Value = "MLCC"; VariantName = "[No Variations]"
Add component (AddParameter): Name = "Voltage rating"; Value = "*V"; VariantName = "[No Variations]"
Added Component: Designator=C?(C0603)
Add component. Clean all parameters for all variants
Add component (AddParameter): Name = "Capacitance"; Value = "1uF"; VariantName = "[No Variations]"
Add component (AddParameter): Name = "Characteristic"; Value = ""; VariantName = "[No Variations]"
Add component (AddParameter): Name = "ComponentLinknDescription"; Value = "Datasheet"; VariantName = "[No Variations]"
Add component (AddParameter): Name = "ComponentLinknURL"; Value = ""; VariantName = "[No Variations]"
Add component (AddParameter): Name = "Manufacturer"; Value = ""; VariantName = "[No Variations]"
Add component (AddParameter): Name = "Type"; Value = "MLCC"; VariantName = "[No Variations]"
Add component (AddParameter): Name = "Voltage rating"; Value = "*V"; VariantName = "[No Variations]"
Added Component: Designator=C?(C0603)
Add component. Clean all parameters for all variants
Add component (AddParameter): Name = "Capacitance"; Value = "1uF"; VariantName = "[No Variations]"
Add component (AddParameter): Name = "Characteristic"; Value = ""; VariantName = "[No Variations]"
Add component (AddParameter): Name = "ComponentLinknDescription"; Value = "Datasheet"; VariantName = "[No Variations]"
Add component (AddParameter): Name = "ComponentLinknURL"; Value = ""; VariantName = "[No Variations]"
Add component (AddParameter): Name = "Manufacturer"; Value = ""; VariantName = "[No Variations]"
Add component (AddParameter): Name = "Note"; Value = "C0603"; VariantName = "[No Variations]"
Add component (AddParameter): Name = "Type"; Value = "MLCC"; VariantName = "[No Variations]"
Add component (AddParameter): Name = "Voltage rating"; Value = "*V"; VariantName = "[No Variations]"
Added Component: Designator=C?(C0603)
Add component. Clean all parameters for all variants
Add component (AddParameter): Name = "Capacitance"; Value = "100nF"; VariantName = "[No Variations]"
Add component (AddParameter): Name = "Characteristic"; Value = ""; VariantName = "[No Variations]"
Add component (AddParameter): Name = "ComponentLinknDescription"; Value = "Datasheet"; VariantName = "[No Variations]"
Add component (AddParameter): Name = "ComponentLinknURL"; Value = ""; VariantName = "[No Variations]"
Add component (AddParameter): Name = "Manufacturer"; Value = ""; VariantName = "[No Variations]"
Add component (AddParameter): Name = "Note"; Value = "C0603"; VariantName = "[No Variations]"
Add component (AddParameter): Name = "Type"; Value = "MLCC"; VariantName = "[No Variations]"
Add component (AddParameter): Name = "Voltage rating"; Value = "*V"; VariantName = "[No Variations]"
Added Component: Designator=C?(C0603)
Add component. Clean all parameters for all variants
Add component (AddParameter): Name = "Capacitance"; Value = "100nF"; VariantName = "[No Variations]"
Add component (AddParameter): Name = "Characteristic"; Value = ""; VariantName = "[No Variations]"
Add component (AddParameter): Name = "ComponentLinknDescription"; Value = "Datasheet"; VariantName = "[No Variations]"
Add component (AddParameter): Name = "ComponentLinknURL"; Value = ""; VariantName = "[No Variations]"
Add component (AddParameter): Name = "Manufacturer"; Value = ""; VariantName = "[No Variations]"
Add component (AddParameter): Name = "Note"; Value = "C0603"; VariantName = "[No Variations]"
Add component (AddParameter): Name = "Type"; Value = "MLCC"; VariantName = "[No Variations]"
Add component (AddParameter): Name = "Voltage rating"; Value = "*V"; VariantName = "[No Variations]"
Added Component: Designator=C?(RB7.6-15)
Add component. Clean all parameters for all variants
Add component (AddParameter): Name = "LatestRevisionDate"; Value = "17-Jul-2002"; VariantName = "[No Variations]"
Add component (AddParameter): Name = "LatestRevisionNote"; Value = "Re-released for DXP Platform."; VariantName = "[No Variations]"
Add component (AddParameter): Name = "PackageDescription"; Value = "Polarized Capacitor (Radial); 2 Leads"; VariantName = "[No Variations]"
Add component (AddParameter): Name = "PackageReference"; Value = "RB7.6-15"; VariantName = "[No Variations]"
Add component (AddParameter): Name = "Published"; Value = "8-Jun-2000"; VariantName = "[No Variations]"
Add component (AddParameter): Name = "Publisher"; Value = "Altium Limited"; VariantName = "[No Variations]"
Add component (AddParameter): Name = "Value"; Value = "220uF"; VariantName = "[No Variations]"
Added Component: Designator=C?(RB7.6-15)
Add component. Clean all parameters for all variants
Add component (AddParameter): Name = "LatestRevisionDate"; Value = "17-Jul-2002"; VariantName = "[No Variations]"
Add component (AddParameter): Name = "LatestRevisionNote"; Value = "Re-released for DXP Platform."; VariantName = "[No Variations]"
Add component (AddParameter): Name = "PackageDescription"; Value = "Polarized Capacitor (Radial); 2 Leads"; VariantName = "[No Variations]"
Add component (AddParameter): Name = "PackageReference"; Value = "RB7.6-15"; VariantName = "[No Variations]"
Add component (AddParameter): Name = "Published"; Value = "8-Jun-2000"; VariantName = "[No Variations]"
Add component (AddParameter): Name = "Publisher"; Value = "Altium Limited"; VariantName = "[No Variations]"
Add component (AddParameter): Name = "Value"; Value = "220uF"; VariantName = "[No Variations]"
Added Component: Designator=JP?(TERMINAL 2P)
Add component. Clean all parameters for all variants
Added Component: Designator=JP?(2.54_1X9H)
Add component. Clean all parameters for all variants
Add component (AddParameter): Name = "ComponentLinknDescription"; Value = ""; VariantName = "[No Variations]"
Add component (AddParameter): Name = "ComponentLinknURL"; Value = ""; VariantName = "[No Variations]"
Add component (AddParameter): Name = "Drawn By"; Value = "Erik Ilbis"; VariantName = "[No Variations]"
Add component (AddParameter): Name = "Manufacturer"; Value = ""; VariantName = "[No Variations]"
Add component (AddParameter): Name = "Part Number"; Value = ""; VariantName = "[No Variations]"
Added Component: Designator=JP?(TERMINAL 2P)
Add component. Clean all parameters for all variants
Added Component: Designator=R?(R0603)
Add component. Clean all parameters for all variants
Add component (AddParameter): Name = "ComponentLinknDescription"; Value = "Datasheet"; VariantName = "[No Variations]"
Add component (AddParameter): Name = "ComponentLinknURL"; Value = ""; VariantName = "[No Variations]"
Add component (AddParameter): Name = "Manufacturer"; Value = ""; VariantName = "[No Variations]"
Add component (AddParameter): Name = "Note"; Value = "R0603"; VariantName = "[No Variations]"
Add component (AddParameter): Name = "Power rating"; Value = "*mW"; VariantName = "[No Variations]"
Add component (AddParameter): Name = "Precision"; Value = "*%"; VariantName = "[No Variations]"
Add component (AddParameter): Name = "Resistance"; Value = "1k3"; VariantName = "[No Variations]"
Add component (AddParameter): Name = "Temp coefficient"; Value = "*ppm"; VariantName = "[No Variations]"
Add component (AddParameter): Name = "Voltage rating"; Value = "*V"; VariantName = "[No Variations]"
Added Component: Designator=R?(R0603)
Add component. Clean all parameters for all variants
Add component (AddParameter): Name = "ComponentLinknDescription"; Value = "Datasheet"; VariantName = "[No Variations]"
Add component (AddParameter): Name = "ComponentLinknURL"; Value = ""; VariantName = "[No Variations]"
Add component (AddParameter): Name = "Manufacturer"; Value = ""; VariantName = "[No Variations]"
Add component (AddParameter): Name = "Note"; Value = "R0603"; VariantName = "[No Variations]"
Add component (AddParameter): Name = "Power rating"; Value = "*mW"; VariantName = "[No Variations]"
Add component (AddParameter): Name = "Precision"; Value = "*%"; VariantName = "[No Variations]"
Add component (AddParameter): Name = "Resistance"; Value = "*R"; VariantName = "[No Variations]"
Add component (AddParameter): Name = "Temp coefficient"; Value = "*ppm"; VariantName = "[No Variations]"
Add component (AddParameter): Name = "Voltage rating"; Value = "*V"; VariantName = "[No Variations]"
Added Component: Designator=R?(R0603)
Add component. Clean all parameters for all variants
Add component (AddParameter): Name = "ComponentLinknDescription"; Value = "Datasheet"; VariantName = "[No Variations]"
Add component (AddParameter): Name = "ComponentLinknURL"; Value = ""; VariantName = "[No Variations]"
Add component (AddParameter): Name = "Manufacturer"; Value = ""; VariantName = "[No Variations]"
Add component (AddParameter): Name = "Note"; Value = "R0603"; VariantName = "[No Variations]"
Add component (AddParameter): Name = "Power rating"; Value = "*mW"; VariantName = "[No Variations]"
Add component (AddParameter): Name = "Precision"; Value = "*%"; VariantName = "[No Variations]"
Add component (AddParameter): Name = "Resistance"; Value = "*R"; VariantName = "[No Variations]"
Add component (AddParameter): Name = "Temp coefficient"; Value = "*ppm"; VariantName = "[No Variations]"
Add component (AddParameter): Name = "Voltage rating"; Value = "*V"; VariantName = "[No Variations]"
Added Component: Designator=R?(R0603)
Add component. Clean all parameters for all variants
Add component (AddParameter): Name = "ComponentLinknDescription"; Value = "Datasheet"; VariantName = "[No Variations]"
Add component (AddParameter): Name = "ComponentLinknURL"; Value = ""; VariantName = "[No Variations]"
Add component (AddParameter): Name = "Manufacturer"; Value = ""; VariantName = "[No Variations]"
Add component (AddParameter): Name = "Note"; Value = "R0603"; VariantName = "[No Variations]"
Add component (AddParameter): Name = "Power rating"; Value = "*mW"; VariantName = "[No Variations]"
Add component (AddParameter): Name = "Precision"; Value = "*%"; VariantName = "[No Variations]"
Add component (AddParameter): Name = "Resistance"; Value = "*R"; VariantName = "[No Variations]"
Add component (AddParameter): Name = "Temp coefficient"; Value = "*ppm"; VariantName = "[No Variations]"
Add component (AddParameter): Name = "Voltage rating"; Value = "*V"; VariantName = "[No Variations]"
Added Component: Designator=R?(R0402)
Add component. Clean all parameters for all variants
Add component (AddParameter): Name = "ComponentLinknDescription"; Value = "Datasheet"; VariantName = "[No Variations]"
Add component (AddParameter): Name = "ComponentLinknURL"; Value = ""; VariantName = "[No Variations]"
Add component (AddParameter): Name = "Manufacturer"; Value = ""; VariantName = "[No Variations]"
Add component (AddParameter): Name = "Note"; Value = "R0402"; VariantName = "[No Variations]"
Add component (AddParameter): Name = "Power rating"; Value = "*mW"; VariantName = "[No Variations]"
Add component (AddParameter): Name = "Precision"; Value = "*%"; VariantName = "[No Variations]"
Add component (AddParameter): Name = "Resistance"; Value = "*R"; VariantName = "[No Variations]"
Add component (AddParameter): Name = "Temp coefficient"; Value = "*ppm"; VariantName = "[No Variations]"
Add component (AddParameter): Name = "Voltage rating"; Value = "*V"; VariantName = "[No Variations]"
Added Component: Designator=U?(SOP65P640X120-17N)
Add component. Clean all parameters for all variants
Add component (AddParameter): Name = "ComponentLink1Description"; Value = "Datasheet"; VariantName = "[No Variations]"
Add component (AddParameter): Name = "ComponentLink1URL"; Value = "https://www.ti.com/lit/gpn/DRV8874"; VariantName = "[No Variations]"
Add component (AddParameter): Name = "Datasheet Link"; Value = "https://www.ti.com/lit/gpn/DRV8874"; VariantName = "[No Variations]"
Add component (AddParameter): Name = "Height"; Value = "1.2mm"; VariantName = "[No Variations]"
Add component (AddParameter): Name = "Manufacturer_Name"; Value = "Texas Instruments"; VariantName = "[No Variations]"
Add component (AddParameter): Name = "Manufacturer_Part_Number"; Value = "DRV8874PWPR"; VariantName = "[No Variations]"
Add component (AddParameter): Name = "Mouser2 Part Number"; Value = ""; VariantName = "[No Variations]"
Add component (AddParameter): Name = "Mouser2 Price/Stock"; Value = ""; VariantName = "[No Variations]"
Added Component: Designator=U?(SOT23-5)
Add component. Clean all parameters for all variants
Add component (AddParameter): Name = "Accuracy"; Value = "2%"; VariantName = "[No Variations]"
Add component (AddParameter): Name = "ComponentLink1Description"; Value = "Datasheet"; VariantName = "[No Variations]"
Add component (AddParameter): Name = "ComponentLink1URL"; Value = "https://eu.mouser.com/datasheet/2/268/mic5225-1082288.pdf"; VariantName = "[No Variations]"
Add component (AddParameter): Name = "Created By"; Value = "Roberts Oskars Komarovskis"; VariantName = "[No Variations]"
Add component (AddParameter): Name = "Farnell Order Nr"; Value = "2510263"; VariantName = "[No Variations]"
Add component (AddParameter): Name = "Input Max Voltage"; Value = "16V"; VariantName = "[No Variations]"
Add component (AddParameter): Name = "Manufacturer"; Value = "Microchip"; VariantName = "[No Variations]"
Add component (AddParameter): Name = "Output Current"; Value = "150mA"; VariantName = "[No Variations]"
Add component (AddParameter): Name = "PartNumber"; Value = ""; VariantName = "[No Variations]"
Added Component: Designator=U?(SOP64P600X175-16N)
Add component. Clean all parameters for all variants
Add component (AddParameter): Name = "ComponentLink1Description"; Value = "Datasheet"; VariantName = "[No Variations]"
Add component (AddParameter): Name = "ComponentLink1URL"; Value = "https://4donline.ihs.com/images/VipMasterIC/IC/SILC/SILC-S-A0009375737/SILC-S-A0009375737-1.pdf?hkey=6D3A4C79FDBF58556ACFDE234799DDF0"; VariantName = "[No Variations]"
Add component (AddParameter): Name = "Datasheet Link"; Value = "https://componentsearchengine.com//SI8661BB-B-IU.pdf"; VariantName = "[No Variations]"
Add component (AddParameter): Name = "Farnell Order Nr"; Value = "3387122"; VariantName = "[No Variations]"
Add component (AddParameter): Name = "Height"; Value = "1.75mm"; VariantName = "[No Variations]"
Add component (AddParameter): Name = "Manufacturer_Name"; Value = "Silicon Labs"; VariantName = "[No Variations]"
Add component (AddParameter): Name = "Manufacturer_Part_Number"; Value = "SI8661BB-B-IU"; VariantName = "[No Variations]"
Add component (AddParameter): Name = "Mouser2 Part Number"; Value = "634-SI8661BB-B-IU"; VariantName = "[No Variations]"
Add component (AddParameter): Name = "Mouser2 Price/Stock"; Value = "https://www.mouser.com/Search/Refine.aspx?Keyword=634-SI8661BB-B-IU"; VariantName = "[No Variations]"
Added Pin To Net: NetName=3V3_A Pin=C?-2
Added Pin To Net: NetName=3V3_A Pin=JP?-9
Added Pin To Net: NetName=3V3_A Pin=U?-1
Added Net: Name=3V3_A
Added Pin To Net: NetName=3V3_B Pin=C?-2
Added Pin To Net: NetName=3V3_B Pin=C?-2
Added Pin To Net: NetName=3V3_B Pin=R?-2
Added Pin To Net: NetName=3V3_B Pin=R?-2
Added Pin To Net: NetName=3V3_B Pin=R?-2
Added Pin To Net: NetName=3V3_B Pin=U?-5
Added Pin To Net: NetName=3V3_B Pin=U?-5
Added Pin To Net: NetName=3V3_B Pin=U?-16
Added Net: Name=3V3_B
Added Pin To Net: NetName=BAT Pin=C?-1
Added Pin To Net: NetName=BAT Pin=C?-1
Added Pin To Net: NetName=BAT Pin=C?-2
Added Pin To Net: NetName=BAT Pin=C?-2
Added Pin To Net: NetName=BAT Pin=C?-2
Added Pin To Net: NetName=BAT Pin=JP?-2
Added Pin To Net: NetName=BAT Pin=U?-1
Added Pin To Net: NetName=BAT Pin=U?-3
Added Pin To Net: NetName=BAT Pin=U?-11
Added Net: Name=BAT
Added Pin To Net: NetName=EN_A Pin=U?-4
Added Net: Name=EN_A
Added Pin To Net: NetName=EN_B Pin=R?-1
Added Pin To Net: NetName=EN_B Pin=U?-3
Added Pin To Net: NetName=EN_B Pin=U?-13
Added Net: Name=EN_B
Added Pin To Net: NetName=ENC_A Pin=JP?-4
Added Net: Name=ENC_A
Added Pin To Net: NetName=ENC_B Pin=JP?-3
Added Net: Name=ENC_B
Added Pin To Net: NetName=GND_A Pin=C?-1
Added Pin To Net: NetName=GND_A Pin=JP?-1
Added Pin To Net: NetName=GND_A Pin=U?-8
Added Net: Name=GND_A
Added Pin To Net: NetName=GND_B Pin=C?-1
Added Pin To Net: NetName=GND_B Pin=C?-1
Added Pin To Net: NetName=GND_B Pin=C?-1
Added Pin To Net: NetName=GND_B Pin=C?-1
Added Pin To Net: NetName=GND_B Pin=C?-2
Added Pin To Net: NetName=GND_B Pin=C?-2
Added Pin To Net: NetName=GND_B Pin=JP?-1
Added Pin To Net: NetName=GND_B Pin=R?-1
Added Pin To Net: NetName=GND_B Pin=R?-1
Added Pin To Net: NetName=GND_B Pin=U?-2
Added Pin To Net: NetName=GND_B Pin=U?-9
Added Pin To Net: NetName=GND_B Pin=U?-9
Added Pin To Net: NetName=GND_B Pin=U?-15
Added Pin To Net: NetName=GND_B Pin=U?-17
Added Net: Name=GND_B
Added Pin To Net: NetName=IN1_A Pin=U?-2
Added Net: Name=IN1_A
Added Pin To Net: NetName=IN1_B Pin=U?-1
Added Pin To Net: NetName=IN1_B Pin=U?-15
Added Net: Name=IN1_B
Added Pin To Net: NetName=IN2_A Pin=U?-3
Added Net: Name=IN2_A
Added Pin To Net: NetName=IN2_B Pin=U?-2
Added Pin To Net: NetName=IN2_B Pin=U?-14
Added Net: Name=IN2_B
Added Pin To Net: NetName=INT_A Pin=U?-7
Added Net: Name=INT_A
Added Pin To Net: NetName=INT_B Pin=R?-1
Added Pin To Net: NetName=INT_B Pin=U?-4
Added Pin To Net: NetName=INT_B Pin=U?-10
Added Net: Name=INT_B
Added Pin To Net: NetName=MOT_POW_1 Pin=JP?-1
Added Pin To Net: NetName=MOT_POW_1 Pin=U?-8
Added Net: Name=MOT_POW_1
Added Pin To Net: NetName=MOT_POW_2 Pin=JP?-2
Added Pin To Net: NetName=MOT_POW_2 Pin=U?-10
Added Net: Name=MOT_POW_2
Added Pin To Net: NetName=NetC?_1 Pin=C?-1
Added Pin To Net: NetName=NetC?_1 Pin=U?-13
Added Net: Name=NetC?_1
Added Pin To Net: NetName=NetC?_2 Pin=C?-2
Added Pin To Net: NetName=NetC?_2 Pin=U?-14
Added Net: Name=NetC?_2
Added Pin To Net: NetName=NetR?_2 Pin=R?-2
Added Pin To Net: NetName=NetR?_2 Pin=U?-7
Added Net: Name=NetR?_2
Added Pin To Net: NetName=PMODE_A Pin=U?-5
Added Net: Name=PMODE_A
Added Pin To Net: NetName=PMODE_B Pin=R?-1
Added Pin To Net: NetName=PMODE_B Pin=U?-12
Added Pin To Net: NetName=PMODE_B Pin=U?-16
Added Net: Name=PMODE_B
Added Class: Name=WheelMotorBoard
Added Room: Name=WheelMotorBoard
